<?xml version="1.0" encoding="UTF-8"?>
<!-- Generated by org.testng.reporters.JUnitXMLReporter -->
<testsuite ignored="0" hostname="DESKTOP-ETUKTDK" failures="1" tests="2" name="HobbyKing Test" time="73.703" errors="0" timestamp="27 Sep 2019 06:39:04 GMT">
  <testcase classname="hobbyKing.testCase.TC001_Login2" name="@AfterMethod signOut" time="30.137">
    <failure type="java.lang.IndexOutOfBoundsException" message="Index 0 out of bounds for length 0">
      <![CDATA[java.lang.IndexOutOfBoundsException: Index 0 out of bounds for length 0
at java.base/jdk.internal.util.Preconditions.outOfBounds(Preconditions.java:64)
at java.base/jdk.internal.util.Preconditions.outOfBoundsCheckIndex(Preconditions.java:70)
at java.base/jdk.internal.util.Preconditions.checkIndex(Preconditions.java:248)
at java.base/java.util.Objects.checkIndex(Objects.java:372)
at java.base/java.util.ArrayList.get(ArrayList.java:458)
at org.openqa.selenium.support.pagefactory.internal.LocatingElementListHandler.invoke(LocatingElementListHandler.java:39)
at com.sun.proxy.$Proxy19.get(Unknown Source)
at hobbyKing.pageObjects.Login2.flipkartLogout(Login2.java:271)
at hobbyKing.testCase.TC001_Login2.signOut(TC001_Login2.java:31)
... Removed 31 stack frames]]>
    </failure>
  </testcase> <!-- @AfterMethod signOut -->
  <testcase classname="hobbyKing.testCase.BaseClass" name="@AfterClass tearDown" time="0.0">
    <skipped/>
  </testcase> <!-- @AfterClass tearDown -->
  <testcase classname="hobbyKing.testCase.TC001_Login2" name="homePage" time="5.931"/>
  <testcase classname="hobbyKing.testCase.TC001_Login2" name="Act" time="12.395">
    <failure type="java.lang.IndexOutOfBoundsException" message="Index 577 out of bounds for length 577">
      <![CDATA[java.lang.IndexOutOfBoundsException: Index 577 out of bounds for length 577
at java.base/jdk.internal.util.Preconditions.outOfBounds(Preconditions.java:64)
at java.base/jdk.internal.util.Preconditions.outOfBoundsCheckIndex(Preconditions.java:70)
at java.base/jdk.internal.util.Preconditions.checkIndex(Preconditions.java:248)
at java.base/java.util.Objects.checkIndex(Objects.java:372)
at java.base/java.util.ArrayList.get(ArrayList.java:458)
at org.openqa.selenium.support.pagefactory.internal.LocatingElementListHandler.invoke(LocatingElementListHandler.java:39)
at com.sun.proxy.$Proxy19.get(Unknown Source)
at hobbyKing.pageObjects.Login2.clickCategory(Login2.java:292)
at hobbyKing.testCase.TC001_Login2.Act(TC001_Login2.java:66)
... Removed 28 stack frames]]>
    </failure>
  </testcase> <!-- Act -->
</testsuite> <!-- HobbyKing Test -->
